CRITICAL - 2024-02-06 04:24:58 --> Error: Object of class App\Controllers\Satuan could not be converted to string
in APPPATH\Controllers\Satuan.php on line 28.
 1 SYSTEMPATH\CodeIgniter.php(941): App\Controllers\Satuan->InsertData()
 2 SYSTEMPATH\CodeIgniter.php(502): CodeIgniter\CodeIgniter->runController(Object(App\Controllers\Satuan))
 3 SYSTEMPATH\CodeIgniter.php(361): CodeIgniter\CodeIgniter->handleRequest(null, Object(Config\Cache), false)
 4 FCPATH\index.php(79): CodeIgniter\CodeIgniter->run()
CRITICAL - 2024-02-06 04:25:41 --> ErrorException: Undefined property: App\Controllers\Satuan::$get
in APPPATH\Controllers\Satuan.php on line 28.
 1 APPPATH\Controllers\Satuan.php(28): CodeIgniter\Debug\Exceptions->errorHandler(2, 'Undefined property: App\\Controllers\\Satuan::$get', 'C:\\xampp\\htdocs\\kasir-ci4\\app\\Controllers\\Satuan.php', 28)
 2 SYSTEMPATH\CodeIgniter.php(941): App\Controllers\Satuan->InsertData()
 3 SYSTEMPATH\CodeIgniter.php(502): CodeIgniter\CodeIgniter->runController(Object(App\Controllers\Satuan))
 4 SYSTEMPATH\CodeIgniter.php(361): CodeIgniter\CodeIgniter->handleRequest(null, Object(Config\Cache), false)
 5 FCPATH\index.php(79): CodeIgniter\CodeIgniter->run()
CRITICAL - 2024-02-06 04:26:20 --> ErrorException: Undefined property: App\Controllers\Satuan::$get
in APPPATH\Controllers\Satuan.php on line 28.
 1 APPPATH\Controllers\Satuan.php(28): CodeIgniter\Debug\Exceptions->errorHandler(2, 'Undefined property: App\\Controllers\\Satuan::$get', 'C:\\xampp\\htdocs\\kasir-ci4\\app\\Controllers\\Satuan.php', 28)
 2 SYSTEMPATH\CodeIgniter.php(941): App\Controllers\Satuan->InsertData()
 3 SYSTEMPATH\CodeIgniter.php(502): CodeIgniter\CodeIgniter->runController(Object(App\Controllers\Satuan))
 4 SYSTEMPATH\CodeIgniter.php(361): CodeIgniter\CodeIgniter->handleRequest(null, Object(Config\Cache), false)
 5 FCPATH\index.php(79): CodeIgniter\CodeIgniter->run()
CRITICAL - 2024-02-06 04:27:03 --> ErrorException: Undefined property: App\Controllers\Satuan::$get
in APPPATH\Controllers\Satuan.php on line 28.
 1 APPPATH\Controllers\Satuan.php(28): CodeIgniter\Debug\Exceptions->errorHandler(2, 'Undefined property: App\\Controllers\\Satuan::$get', 'C:\\xampp\\htdocs\\kasir-ci4\\app\\Controllers\\Satuan.php', 28)
 2 SYSTEMPATH\CodeIgniter.php(941): App\Controllers\Satuan->InsertData()
 3 SYSTEMPATH\CodeIgniter.php(502): CodeIgniter\CodeIgniter->runController(Object(App\Controllers\Satuan))
 4 SYSTEMPATH\CodeIgniter.php(361): CodeIgniter\CodeIgniter->handleRequest(null, Object(Config\Cache), false)
 5 FCPATH\index.php(79): CodeIgniter\CodeIgniter->run()
CRITICAL - 2024-02-06 04:28:05 --> ErrorException: Undefined property: App\Controllers\Satuan::$get
in APPPATH\Controllers\Satuan.php on line 28.
 1 APPPATH\Controllers\Satuan.php(28): CodeIgniter\Debug\Exceptions->errorHandler(2, 'Undefined property: App\\Controllers\\Satuan::$get', 'C:\\xampp\\htdocs\\kasir-ci4\\app\\Controllers\\Satuan.php', 28)
 2 SYSTEMPATH\CodeIgniter.php(941): App\Controllers\Satuan->InsertData()
 3 SYSTEMPATH\CodeIgniter.php(502): CodeIgniter\CodeIgniter->runController(Object(App\Controllers\Satuan))
 4 SYSTEMPATH\CodeIgniter.php(361): CodeIgniter\CodeIgniter->handleRequest(null, Object(Config\Cache), false)
 5 FCPATH\index.php(79): CodeIgniter\CodeIgniter->run()
CRITICAL - 2024-02-06 04:30:47 --> ErrorException: Undefined property: App\Controllers\Satuan::$get
in APPPATH\Controllers\Satuan.php on line 28.
 1 APPPATH\Controllers\Satuan.php(28): CodeIgniter\Debug\Exceptions->errorHandler(2, 'Undefined property: App\\Controllers\\Satuan::$get', 'C:\\xampp\\htdocs\\kasir-ci4\\app\\Controllers\\Satuan.php', 28)
 2 SYSTEMPATH\CodeIgniter.php(941): App\Controllers\Satuan->InsertData()
 3 SYSTEMPATH\CodeIgniter.php(502): CodeIgniter\CodeIgniter->runController(Object(App\Controllers\Satuan))
 4 SYSTEMPATH\CodeIgniter.php(361): CodeIgniter\CodeIgniter->handleRequest(null, Object(Config\Cache), false)
 5 FCPATH\index.php(79): CodeIgniter\CodeIgniter->run()
CRITICAL - 2024-02-06 04:33:56 --> ErrorException: Undefined property: App\Controllers\Satuan::$get
in APPPATH\Controllers\Satuan.php on line 28.
 1 APPPATH\Controllers\Satuan.php(28): CodeIgniter\Debug\Exceptions->errorHandler(2, 'Undefined property: App\\Controllers\\Satuan::$get', 'C:\\xampp\\htdocs\\kasir-ci4\\app\\Controllers\\Satuan.php', 28)
 2 SYSTEMPATH\CodeIgniter.php(941): App\Controllers\Satuan->InsertData()
 3 SYSTEMPATH\CodeIgniter.php(502): CodeIgniter\CodeIgniter->runController(Object(App\Controllers\Satuan))
 4 SYSTEMPATH\CodeIgniter.php(361): CodeIgniter\CodeIgniter->handleRequest(null, Object(Config\Cache), false)
 5 FCPATH\index.php(79): CodeIgniter\CodeIgniter->run()
CRITICAL - 2024-02-06 04:34:45 --> ErrorException: Undefined variable $data
in APPPATH\Models\ModelSatuan.php on line 17.
 1 APPPATH\Models\ModelSatuan.php(17): CodeIgniter\Debug\Exceptions->errorHandler(2, 'Undefined variable $data', 'C:\\xampp\\htdocs\\kasir-ci4\\app\\Models\\ModelSatuan.php', 17)
 2 APPPATH\Controllers\Satuan.php(30): App\Models\ModelSatuan->InsertData([...])
 3 SYSTEMPATH\CodeIgniter.php(941): App\Controllers\Satuan->InsertData()
 4 SYSTEMPATH\CodeIgniter.php(502): CodeIgniter\CodeIgniter->runController(Object(App\Controllers\Satuan))
 5 SYSTEMPATH\CodeIgniter.php(361): CodeIgniter\CodeIgniter->handleRequest(null, Object(Config\Cache), false)
 6 FCPATH\index.php(79): CodeIgniter\CodeIgniter->run()
CRITICAL - 2024-02-06 04:36:44 --> ErrorException: Undefined variable $data
in APPPATH\Models\ModelSatuan.php on line 17.
 1 APPPATH\Models\ModelSatuan.php(17): CodeIgniter\Debug\Exceptions->errorHandler(2, 'Undefined variable $data', 'C:\\xampp\\htdocs\\kasir-ci4\\app\\Models\\ModelSatuan.php', 17)
 2 APPPATH\Controllers\Satuan.php(30): App\Models\ModelSatuan->InsertData([...])
 3 SYSTEMPATH\CodeIgniter.php(941): App\Controllers\Satuan->InsertData()
 4 SYSTEMPATH\CodeIgniter.php(502): CodeIgniter\CodeIgniter->runController(Object(App\Controllers\Satuan))
 5 SYSTEMPATH\CodeIgniter.php(361): CodeIgniter\CodeIgniter->handleRequest(null, Object(Config\Cache), false)
 6 FCPATH\index.php(79): CodeIgniter\CodeIgniter->run()
CRITICAL - 2024-02-06 04:39:28 --> ErrorException: Undefined variable $data
in APPPATH\Models\ModelSatuan.php on line 17.
 1 APPPATH\Models\ModelSatuan.php(17): CodeIgniter\Debug\Exceptions->errorHandler(2, 'Undefined variable $data', 'C:\\xampp\\htdocs\\kasir-ci4\\app\\Models\\ModelSatuan.php', 17)
 2 APPPATH\Controllers\Satuan.php(29): App\Models\ModelSatuan->InsertData([...])
 3 SYSTEMPATH\CodeIgniter.php(941): App\Controllers\Satuan->InsertData()
 4 SYSTEMPATH\CodeIgniter.php(502): CodeIgniter\CodeIgniter->runController(Object(App\Controllers\Satuan))
 5 SYSTEMPATH\CodeIgniter.php(361): CodeIgniter\CodeIgniter->handleRequest(null, Object(Config\Cache), false)
 6 FCPATH\index.php(79): CodeIgniter\CodeIgniter->run()
CRITICAL - 2024-02-06 04:43:01 --> ErrorException: Undefined variable $data
in APPPATH\Models\ModelSatuan.php on line 17.
 1 APPPATH\Models\ModelSatuan.php(17): CodeIgniter\Debug\Exceptions->errorHandler(2, 'Undefined variable $data', 'C:\\xampp\\htdocs\\kasir-ci4\\app\\Models\\ModelSatuan.php', 17)
 2 APPPATH\Controllers\Satuan.php(29): App\Models\ModelSatuan->InsertData([...])
 3 SYSTEMPATH\CodeIgniter.php(941): App\Controllers\Satuan->InsertData()
 4 SYSTEMPATH\CodeIgniter.php(502): CodeIgniter\CodeIgniter->runController(Object(App\Controllers\Satuan))
 5 SYSTEMPATH\CodeIgniter.php(361): CodeIgniter\CodeIgniter->handleRequest(null, Object(Config\Cache), false)
 6 FCPATH\index.php(79): CodeIgniter\CodeIgniter->run()
CRITICAL - 2024-02-06 04:58:27 --> ErrorException: Undefined variable $data
in APPPATH\Models\ModelSatuan.php on line 17.
 1 APPPATH\Models\ModelSatuan.php(17): CodeIgniter\Debug\Exceptions->errorHandler(2, 'Undefined variable $data', 'C:\\xampp\\htdocs\\kasir-ci4\\app\\Models\\ModelSatuan.php', 17)
 2 APPPATH\Controllers\Satuan.php(29): App\Models\ModelSatuan->InsertData([...])
 3 SYSTEMPATH\CodeIgniter.php(941): App\Controllers\Satuan->InsertData()
 4 SYSTEMPATH\CodeIgniter.php(502): CodeIgniter\CodeIgniter->runController(Object(App\Controllers\Satuan))
 5 SYSTEMPATH\CodeIgniter.php(361): CodeIgniter\CodeIgniter->handleRequest(null, Object(Config\Cache), false)
 6 FCPATH\index.php(79): CodeIgniter\CodeIgniter->run()
CRITICAL - 2024-02-06 05:01:47 --> ErrorException: Attempt to read property "db" on array
in APPPATH\Models\ModelSatuan.php on line 17.
 1 APPPATH\Models\ModelSatuan.php(17): CodeIgniter\Debug\Exceptions->errorHandler(2, 'Attempt to read property "db" on array', 'C:\\xampp\\htdocs\\kasir-ci4\\app\\Models\\ModelSatuan.php', 17)
 2 APPPATH\Controllers\Satuan.php(29): App\Models\ModelSatuan->InsertData([...])
 3 SYSTEMPATH\CodeIgniter.php(941): App\Controllers\Satuan->InsertData()
 4 SYSTEMPATH\CodeIgniter.php(502): CodeIgniter\CodeIgniter->runController(Object(App\Controllers\Satuan))
 5 SYSTEMPATH\CodeIgniter.php(361): CodeIgniter\CodeIgniter->handleRequest(null, Object(Config\Cache), false)
 6 FCPATH\index.php(79): CodeIgniter\CodeIgniter->run()
CRITICAL - 2024-02-06 05:01:53 --> ErrorException: Attempt to read property "db" on array
in APPPATH\Models\ModelSatuan.php on line 17.
 1 APPPATH\Models\ModelSatuan.php(17): CodeIgniter\Debug\Exceptions->errorHandler(2, 'Attempt to read property "db" on array', 'C:\\xampp\\htdocs\\kasir-ci4\\app\\Models\\ModelSatuan.php', 17)
 2 APPPATH\Controllers\Satuan.php(29): App\Models\ModelSatuan->InsertData([...])
 3 SYSTEMPATH\CodeIgniter.php(941): App\Controllers\Satuan->InsertData()
 4 SYSTEMPATH\CodeIgniter.php(502): CodeIgniter\CodeIgniter->runController(Object(App\Controllers\Satuan))
 5 SYSTEMPATH\CodeIgniter.php(361): CodeIgniter\CodeIgniter->handleRequest(null, Object(Config\Cache), false)
 6 FCPATH\index.php(79): CodeIgniter\CodeIgniter->run()
CRITICAL - 2024-02-06 05:05:05 --> Error: Undefined constant "App\Controllers\base_url"
in APPPATH\Controllers\Satuan.php on line 30.
 1 SYSTEMPATH\CodeIgniter.php(941): App\Controllers\Satuan->InsertData()
 2 SYSTEMPATH\CodeIgniter.php(502): CodeIgniter\CodeIgniter->runController(Object(App\Controllers\Satuan))
 3 SYSTEMPATH\CodeIgniter.php(361): CodeIgniter\CodeIgniter->handleRequest(null, Object(Config\Cache), false)
 4 FCPATH\index.php(79): CodeIgniter\CodeIgniter->run()
