CRITICAL - 2024-02-04 02:28:51 --> Error: Call to undefined function form_open()
in APPPATH\Views\v_satuan.php on line 54.
 1 SYSTEMPATH\View\View.php(228): include()
 2 SYSTEMPATH\View\View.php(231): CodeIgniter\View\View->CodeIgniter\View\{closure}()
 3 SYSTEMPATH\Common.php(1178): CodeIgniter\View\View->render('v_satuan', [], true)
 4 APPPATH\Views\v_template.php(167): view('v_satuan')
 5 SYSTEMPATH\View\View.php(228): include('C:\\xampp\\htdocs\\kasir-ci4\\app\\Views\\v_template.php')
 6 SYSTEMPATH\View\View.php(231): CodeIgniter\View\View->CodeIgniter\View\{closure}()
 7 SYSTEMPATH\Common.php(1178): CodeIgniter\View\View->render('v_template', [], true)
 8 APPPATH\Controllers\Satuan.php(24): view('v_template', [...])
 9 SYSTEMPATH\CodeIgniter.php(941): App\Controllers\Satuan->index()
10 SYSTEMPATH\CodeIgniter.php(502): CodeIgniter\CodeIgniter->runController(Object(App\Controllers\Satuan))
11 SYSTEMPATH\CodeIgniter.php(361): CodeIgniter\CodeIgniter->handleRequest(null, Object(Config\Cache), false)
12 FCPATH\index.php(79): CodeIgniter\CodeIgniter->run()
CRITICAL - 2024-02-04 02:30:10 --> Error: Undefined constant "App\Controllers\form"
in SYSTEMPATH\CodeIgniter.php on line 913.
 1 SYSTEMPATH\CodeIgniter.php(493): CodeIgniter\CodeIgniter->createController()
 2 SYSTEMPATH\CodeIgniter.php(361): CodeIgniter\CodeIgniter->handleRequest(null, Object(Config\Cache), false)
 3 FCPATH\index.php(79): CodeIgniter\CodeIgniter->run()
CRITICAL - 2024-02-04 02:30:11 --> Error: Undefined constant "App\Controllers\form"
in SYSTEMPATH\CodeIgniter.php on line 913.
 1 SYSTEMPATH\CodeIgniter.php(493): CodeIgniter\CodeIgniter->createController()
 2 SYSTEMPATH\CodeIgniter.php(361): CodeIgniter\CodeIgniter->handleRequest(null, Object(Config\Cache), false)
 3 FCPATH\index.php(79): CodeIgniter\CodeIgniter->run()
CRITICAL - 2024-02-04 02:30:22 --> Error: Undefined constant "App\Controllers\form"
in SYSTEMPATH\CodeIgniter.php on line 913.
 1 SYSTEMPATH\CodeIgniter.php(493): CodeIgniter\CodeIgniter->createController()
 2 SYSTEMPATH\CodeIgniter.php(361): CodeIgniter\CodeIgniter->handleRequest(null, Object(Config\Cache), false)
 3 FCPATH\index.php(79): CodeIgniter\CodeIgniter->run()
CRITICAL - 2024-02-04 02:30:23 --> Error: Undefined constant "App\Controllers\form"
in SYSTEMPATH\CodeIgniter.php on line 913.
 1 SYSTEMPATH\CodeIgniter.php(493): CodeIgniter\CodeIgniter->createController()
 2 SYSTEMPATH\CodeIgniter.php(361): CodeIgniter\CodeIgniter->handleRequest(null, Object(Config\Cache), false)
 3 FCPATH\index.php(79): CodeIgniter\CodeIgniter->run()
CRITICAL - 2024-02-04 02:30:27 --> Error: Undefined constant "App\Controllers\form"
in SYSTEMPATH\CodeIgniter.php on line 913.
 1 SYSTEMPATH\CodeIgniter.php(493): CodeIgniter\CodeIgniter->createController()
 2 SYSTEMPATH\CodeIgniter.php(361): CodeIgniter\CodeIgniter->handleRequest(null, Object(Config\Cache), false)
 3 FCPATH\index.php(79): CodeIgniter\CodeIgniter->run()
