INFO - 2024-02-20 00:02:29 --> Session: Class initialized using 'CodeIgniter\Session\Handlers\FileHandler' driver.
INFO - 2024-02-20 00:02:36 --> Session: Class initialized using 'CodeIgniter\Session\Handlers\FileHandler' driver.
INFO - 2024-02-20 00:02:36 --> Cart Class Initialized
INFO - 2024-02-20 00:02:46 --> Session: Class initialized using 'CodeIgniter\Session\Handlers\FileHandler' driver.
INFO - 2024-02-20 00:02:46 --> Cart Class Initialized
ERROR - 2024-02-20 00:02:46 --> An invalid name was submitted as the product name:  The name can only contain alpha-numeric characters, dashes, underscores, colons, and spaces
INFO - 2024-02-20 00:02:46 --> Session: Class initialized using 'CodeIgniter\Session\Handlers\FileHandler' driver.
INFO - 2024-02-20 00:02:46 --> Cart Class Initialized
INFO - 2024-02-20 00:03:10 --> Session: Class initialized using 'CodeIgniter\Session\Handlers\FileHandler' driver.
INFO - 2024-02-20 00:03:10 --> Cart Class Initialized
ERROR - 2024-02-20 00:03:10 --> An invalid name was submitted as the product name:  The name can only contain alpha-numeric characters, dashes, underscores, colons, and spaces
INFO - 2024-02-20 00:03:10 --> Session: Class initialized using 'CodeIgniter\Session\Handlers\FileHandler' driver.
INFO - 2024-02-20 00:03:10 --> Cart Class Initialized
INFO - 2024-02-20 00:16:59 --> Session: Class initialized using 'CodeIgniter\Session\Handlers\FileHandler' driver.
INFO - 2024-02-20 00:16:59 --> Cart Class Initialized
INFO - 2024-02-20 00:17:06 --> Session: Class initialized using 'CodeIgniter\Session\Handlers\FileHandler' driver.
INFO - 2024-02-20 00:17:06 --> Cart Class Initialized
ERROR - 2024-02-20 00:17:06 --> An invalid name was submitted as the product name:  The name can only contain alpha-numeric characters, dashes, underscores, colons, and spaces
INFO - 2024-02-20 00:17:06 --> Session: Class initialized using 'CodeIgniter\Session\Handlers\FileHandler' driver.
INFO - 2024-02-20 00:17:06 --> Cart Class Initialized
INFO - 2024-02-20 00:33:42 --> Session: Class initialized using 'CodeIgniter\Session\Handlers\FileHandler' driver.
INFO - 2024-02-20 00:33:42 --> Cart Class Initialized
INFO - 2024-02-20 00:33:48 --> Session: Class initialized using 'CodeIgniter\Session\Handlers\FileHandler' driver.
INFO - 2024-02-20 00:33:48 --> Cart Class Initialized
INFO - 2024-02-20 00:33:51 --> Session: Class initialized using 'CodeIgniter\Session\Handlers\FileHandler' driver.
INFO - 2024-02-20 00:33:51 --> Session: Class initialized using 'CodeIgniter\Session\Handlers\FileHandler' driver.
INFO - 2024-02-20 00:34:01 --> Session: Class initialized using 'CodeIgniter\Session\Handlers\FileHandler' driver.
INFO - 2024-02-20 00:34:01 --> Session: Class initialized using 'CodeIgniter\Session\Handlers\FileHandler' driver.
INFO - 2024-02-20 00:46:18 --> Session: Class initialized using 'CodeIgniter\Session\Handlers\FileHandler' driver.
CRITICAL - 2024-02-20 00:46:20 --> ParseError: syntax error, unexpected token "=", expecting "]"
in APPPATH\Controllers\Penjualan.php on line 98.
 1 SYSTEMPATH\Router\Router.php(514): CodeIgniter\Router\AutoRouter->getRoute('Penjualan', 'get')
 2 SYSTEMPATH\Router\Router.php(210): CodeIgniter\Router\Router->autoRoute('Penjualan')
 3 SYSTEMPATH\CodeIgniter.php(823): CodeIgniter\Router\Router->handle('Penjualan')
 4 SYSTEMPATH\CodeIgniter.php(450): CodeIgniter\CodeIgniter->tryToRouteIt(Object(CodeIgniter\Router\RouteCollection))
 5 SYSTEMPATH\CodeIgniter.php(361): CodeIgniter\CodeIgniter->handleRequest(null, Object(Config\Cache), false)
 6 FCPATH\index.php(79): CodeIgniter\CodeIgniter->run()
INFO - 2024-02-20 00:48:27 --> Session: Class initialized using 'CodeIgniter\Session\Handlers\FileHandler' driver.
INFO - 2024-02-20 00:48:27 --> Cart Class Initialized
INFO - 2024-02-20 00:48:36 --> Session: Class initialized using 'CodeIgniter\Session\Handlers\FileHandler' driver.
INFO - 2024-02-20 00:48:36 --> Cart Class Initialized
ERROR - 2024-02-20 00:48:36 --> An invalid name was submitted as the product name:  The name can only contain alpha-numeric characters, dashes, underscores, colons, and spaces
INFO - 2024-02-20 00:48:36 --> Session: Class initialized using 'CodeIgniter\Session\Handlers\FileHandler' driver.
INFO - 2024-02-20 00:48:36 --> Cart Class Initialized
INFO - 2024-02-20 00:48:52 --> Session: Class initialized using 'CodeIgniter\Session\Handlers\FileHandler' driver.
INFO - 2024-02-20 00:48:52 --> Cart Class Initialized
CRITICAL - 2024-02-20 00:48:52 --> ArgumentCountError: str_replace() expects at least 3 arguments, 2 given
in APPPATH\Controllers\Penjualan.php on line 75.
 1 APPPATH\Controllers\Penjualan.php(75): str_replace(',', null)
 2 SYSTEMPATH\CodeIgniter.php(941): App\Controllers\Penjualan->ResetCart()
 3 SYSTEMPATH\CodeIgniter.php(502): CodeIgniter\CodeIgniter->runController(Object(App\Controllers\Penjualan))
 4 SYSTEMPATH\CodeIgniter.php(361): CodeIgniter\CodeIgniter->handleRequest(null, Object(Config\Cache), false)
 5 FCPATH\index.php(79): CodeIgniter\CodeIgniter->run()
INFO - 2024-02-20 00:50:28 --> Session: Class initialized using 'CodeIgniter\Session\Handlers\FileHandler' driver.
INFO - 2024-02-20 00:50:28 --> Cart Class Initialized
INFO - 2024-02-20 00:51:45 --> Session: Class initialized using 'CodeIgniter\Session\Handlers\FileHandler' driver.
INFO - 2024-02-20 00:51:45 --> Cart Class Initialized
INFO - 2024-02-20 00:51:52 --> Session: Class initialized using 'CodeIgniter\Session\Handlers\FileHandler' driver.
INFO - 2024-02-20 00:51:52 --> Cart Class Initialized
ERROR - 2024-02-20 00:51:52 --> An invalid name was submitted as the product name:  The name can only contain alpha-numeric characters, dashes, underscores, colons, and spaces
INFO - 2024-02-20 00:51:52 --> Session: Class initialized using 'CodeIgniter\Session\Handlers\FileHandler' driver.
INFO - 2024-02-20 00:51:52 --> Cart Class Initialized
INFO - 2024-02-20 00:52:03 --> Session: Class initialized using 'CodeIgniter\Session\Handlers\FileHandler' driver.
INFO - 2024-02-20 00:52:03 --> Cart Class Initialized
ERROR - 2024-02-20 00:52:03 --> An invalid name was submitted as the product name:  The name can only contain alpha-numeric characters, dashes, underscores, colons, and spaces
INFO - 2024-02-20 00:52:03 --> Session: Class initialized using 'CodeIgniter\Session\Handlers\FileHandler' driver.
INFO - 2024-02-20 00:52:03 --> Cart Class Initialized
INFO - 2024-02-20 00:54:41 --> Session: Class initialized using 'CodeIgniter\Session\Handlers\FileHandler' driver.
INFO - 2024-02-20 00:54:41 --> Cart Class Initialized
INFO - 2024-02-20 00:55:17 --> Session: Class initialized using 'CodeIgniter\Session\Handlers\FileHandler' driver.
INFO - 2024-02-20 00:55:22 --> Session: Class initialized using 'CodeIgniter\Session\Handlers\FileHandler' driver.
INFO - 2024-02-20 00:55:22 --> Cart Class Initialized
INFO - 2024-02-20 00:55:28 --> Session: Class initialized using 'CodeIgniter\Session\Handlers\FileHandler' driver.
INFO - 2024-02-20 00:55:34 --> Session: Class initialized using 'CodeIgniter\Session\Handlers\FileHandler' driver.
INFO - 2024-02-20 00:55:34 --> Session: Class initialized using 'CodeIgniter\Session\Handlers\FileHandler' driver.
INFO - 2024-02-20 01:04:01 --> Session: Class initialized using 'CodeIgniter\Session\Handlers\FileHandler' driver.
INFO - 2024-02-20 01:04:02 --> Session: Class initialized using 'CodeIgniter\Session\Handlers\FileHandler' driver.
INFO - 2024-02-20 01:04:04 --> Session: Class initialized using 'CodeIgniter\Session\Handlers\FileHandler' driver.
INFO - 2024-02-20 01:04:04 --> Cart Class Initialized
INFO - 2024-02-20 01:04:20 --> Session: Class initialized using 'CodeIgniter\Session\Handlers\FileHandler' driver.
INFO - 2024-02-20 01:04:20 --> Cart Class Initialized
INFO - 2024-02-20 01:04:20 --> Session: Class initialized using 'CodeIgniter\Session\Handlers\FileHandler' driver.
INFO - 2024-02-20 01:04:20 --> Cart Class Initialized
INFO - 2024-02-20 01:04:41 --> Session: Class initialized using 'CodeIgniter\Session\Handlers\FileHandler' driver.
INFO - 2024-02-20 01:04:41 --> Cart Class Initialized
ERROR - 2024-02-20 01:04:41 --> An invalid name was submitted as the product name:  The name can only contain alpha-numeric characters, dashes, underscores, colons, and spaces
INFO - 2024-02-20 01:04:41 --> Session: Class initialized using 'CodeIgniter\Session\Handlers\FileHandler' driver.
INFO - 2024-02-20 01:04:41 --> Cart Class Initialized
INFO - 2024-02-20 01:04:52 --> Session: Class initialized using 'CodeIgniter\Session\Handlers\FileHandler' driver.
INFO - 2024-02-20 01:04:52 --> Cart Class Initialized
ERROR - 2024-02-20 01:04:52 --> An invalid name was submitted as the product name:  The name can only contain alpha-numeric characters, dashes, underscores, colons, and spaces
INFO - 2024-02-20 01:04:52 --> Session: Class initialized using 'CodeIgniter\Session\Handlers\FileHandler' driver.
INFO - 2024-02-20 01:04:52 --> Cart Class Initialized
INFO - 2024-02-20 01:05:05 --> Session: Class initialized using 'CodeIgniter\Session\Handlers\FileHandler' driver.
INFO - 2024-02-20 01:05:05 --> Cart Class Initialized
ERROR - 2024-02-20 01:05:05 --> An invalid name was submitted as the product name:  The name can only contain alpha-numeric characters, dashes, underscores, colons, and spaces
INFO - 2024-02-20 01:05:05 --> Session: Class initialized using 'CodeIgniter\Session\Handlers\FileHandler' driver.
INFO - 2024-02-20 01:05:05 --> Cart Class Initialized
INFO - 2024-02-20 01:05:55 --> Session: Class initialized using 'CodeIgniter\Session\Handlers\FileHandler' driver.
INFO - 2024-02-20 01:05:55 --> Cart Class Initialized
ERROR - 2024-02-20 01:05:55 --> An invalid name was submitted as the product name:  The name can only contain alpha-numeric characters, dashes, underscores, colons, and spaces
INFO - 2024-02-20 01:05:55 --> Session: Class initialized using 'CodeIgniter\Session\Handlers\FileHandler' driver.
INFO - 2024-02-20 01:05:55 --> Cart Class Initialized
INFO - 2024-02-20 01:07:43 --> Session: Class initialized using 'CodeIgniter\Session\Handlers\FileHandler' driver.
INFO - 2024-02-20 01:07:43 --> Cart Class Initialized
ERROR - 2024-02-20 01:07:43 --> An invalid name was submitted as the product name:  The name can only contain alpha-numeric characters, dashes, underscores, colons, and spaces
INFO - 2024-02-20 01:07:44 --> Session: Class initialized using 'CodeIgniter\Session\Handlers\FileHandler' driver.
INFO - 2024-02-20 01:07:44 --> Cart Class Initialized
INFO - 2024-02-20 01:08:30 --> Session: Class initialized using 'CodeIgniter\Session\Handlers\FileHandler' driver.
INFO - 2024-02-20 01:08:30 --> Cart Class Initialized
ERROR - 2024-02-20 01:08:30 --> An invalid name was submitted as the product name:  The name can only contain alpha-numeric characters, dashes, underscores, colons, and spaces
INFO - 2024-02-20 01:08:30 --> Session: Class initialized using 'CodeIgniter\Session\Handlers\FileHandler' driver.
INFO - 2024-02-20 01:08:30 --> Cart Class Initialized
INFO - 2024-02-20 01:08:43 --> Session: Class initialized using 'CodeIgniter\Session\Handlers\FileHandler' driver.
INFO - 2024-02-20 01:08:43 --> Cart Class Initialized
ERROR - 2024-02-20 01:08:43 --> An invalid name was submitted as the product name:  The name can only contain alpha-numeric characters, dashes, underscores, colons, and spaces
INFO - 2024-02-20 01:08:43 --> Session: Class initialized using 'CodeIgniter\Session\Handlers\FileHandler' driver.
INFO - 2024-02-20 01:08:43 --> Cart Class Initialized
INFO - 2024-02-20 01:15:11 --> Session: Class initialized using 'CodeIgniter\Session\Handlers\FileHandler' driver.
INFO - 2024-02-20 01:15:11 --> Cart Class Initialized
INFO - 2024-02-20 01:15:18 --> Session: Class initialized using 'CodeIgniter\Session\Handlers\FileHandler' driver.
INFO - 2024-02-20 01:15:18 --> Cart Class Initialized
ERROR - 2024-02-20 01:15:18 --> An invalid name was submitted as the product name:  The name can only contain alpha-numeric characters, dashes, underscores, colons, and spaces
INFO - 2024-02-20 01:15:18 --> Session: Class initialized using 'CodeIgniter\Session\Handlers\FileHandler' driver.
INFO - 2024-02-20 01:15:18 --> Cart Class Initialized
INFO - 2024-02-20 01:16:20 --> Session: Class initialized using 'CodeIgniter\Session\Handlers\FileHandler' driver.
INFO - 2024-02-20 01:16:20 --> Cart Class Initialized
ERROR - 2024-02-20 01:16:20 --> An invalid name was submitted as the product name:  The name can only contain alpha-numeric characters, dashes, underscores, colons, and spaces
INFO - 2024-02-20 01:16:20 --> Session: Class initialized using 'CodeIgniter\Session\Handlers\FileHandler' driver.
INFO - 2024-02-20 01:16:20 --> Cart Class Initialized
INFO - 2024-02-20 01:17:17 --> Session: Class initialized using 'CodeIgniter\Session\Handlers\FileHandler' driver.
INFO - 2024-02-20 01:17:17 --> Cart Class Initialized
ERROR - 2024-02-20 01:17:17 --> An invalid name was submitted as the product name:  The name can only contain alpha-numeric characters, dashes, underscores, colons, and spaces
INFO - 2024-02-20 01:17:18 --> Session: Class initialized using 'CodeIgniter\Session\Handlers\FileHandler' driver.
INFO - 2024-02-20 01:17:18 --> Cart Class Initialized
INFO - 2024-02-20 01:17:22 --> Session: Class initialized using 'CodeIgniter\Session\Handlers\FileHandler' driver.
INFO - 2024-02-20 01:17:22 --> Cart Class Initialized
INFO - 2024-02-20 01:17:29 --> Session: Class initialized using 'CodeIgniter\Session\Handlers\FileHandler' driver.
INFO - 2024-02-20 01:17:29 --> Cart Class Initialized
ERROR - 2024-02-20 01:17:29 --> An invalid name was submitted as the product name:  The name can only contain alpha-numeric characters, dashes, underscores, colons, and spaces
INFO - 2024-02-20 01:17:29 --> Session: Class initialized using 'CodeIgniter\Session\Handlers\FileHandler' driver.
INFO - 2024-02-20 01:17:29 --> Cart Class Initialized
INFO - 2024-02-20 01:37:00 --> Session: Class initialized using 'CodeIgniter\Session\Handlers\FileHandler' driver.
INFO - 2024-02-20 01:37:00 --> Cart Class Initialized
INFO - 2024-02-20 01:37:07 --> Session: Class initialized using 'CodeIgniter\Session\Handlers\FileHandler' driver.
INFO - 2024-02-20 01:37:07 --> Cart Class Initialized
ERROR - 2024-02-20 01:37:07 --> An invalid name was submitted as the product name:  The name can only contain alpha-numeric characters, dashes, underscores, colons, and spaces
INFO - 2024-02-20 01:37:07 --> Session: Class initialized using 'CodeIgniter\Session\Handlers\FileHandler' driver.
INFO - 2024-02-20 01:37:07 --> Cart Class Initialized
INFO - 2024-02-20 02:04:32 --> Session: Class initialized using 'CodeIgniter\Session\Handlers\FileHandler' driver.
INFO - 2024-02-20 02:04:32 --> Cart Class Initialized
INFO - 2024-02-20 02:04:39 --> Session: Class initialized using 'CodeIgniter\Session\Handlers\FileHandler' driver.
INFO - 2024-02-20 02:04:39 --> Cart Class Initialized
ERROR - 2024-02-20 02:04:39 --> An invalid name was submitted as the product name:  The name can only contain alpha-numeric characters, dashes, underscores, colons, and spaces
INFO - 2024-02-20 02:04:39 --> Session: Class initialized using 'CodeIgniter\Session\Handlers\FileHandler' driver.
INFO - 2024-02-20 02:04:39 --> Cart Class Initialized
INFO - 2024-02-20 02:07:01 --> Session: Class initialized using 'CodeIgniter\Session\Handlers\FileHandler' driver.
INFO - 2024-02-20 02:07:01 --> Cart Class Initialized
INFO - 2024-02-20 02:07:09 --> Session: Class initialized using 'CodeIgniter\Session\Handlers\FileHandler' driver.
INFO - 2024-02-20 02:07:09 --> Cart Class Initialized
ERROR - 2024-02-20 02:07:09 --> An invalid name was submitted as the product name:  The name can only contain alpha-numeric characters, dashes, underscores, colons, and spaces
INFO - 2024-02-20 02:07:09 --> Session: Class initialized using 'CodeIgniter\Session\Handlers\FileHandler' driver.
INFO - 2024-02-20 02:07:09 --> Cart Class Initialized
INFO - 2024-02-20 02:09:30 --> Session: Class initialized using 'CodeIgniter\Session\Handlers\FileHandler' driver.
INFO - 2024-02-20 02:09:30 --> Cart Class Initialized
INFO - 2024-02-20 02:09:36 --> Session: Class initialized using 'CodeIgniter\Session\Handlers\FileHandler' driver.
INFO - 2024-02-20 02:09:36 --> Cart Class Initialized
ERROR - 2024-02-20 02:09:36 --> An invalid name was submitted as the product name:  The name can only contain alpha-numeric characters, dashes, underscores, colons, and spaces
INFO - 2024-02-20 02:09:36 --> Session: Class initialized using 'CodeIgniter\Session\Handlers\FileHandler' driver.
INFO - 2024-02-20 02:09:36 --> Cart Class Initialized
